<?xml version="1.0" encoding="UTF-8"?>
<testng-results ignored="0" total="1" passed="1" failed="0" skipped="0">
  <reporter-output>
  </reporter-output>
  <suite started-at="2026-03-02T18:43:18 IST" name="Suite" finished-at="2026-03-02T18:43:23 IST" duration-ms="5381">
    <groups>
    </groups>
    <test started-at="2026-03-02T18:43:18 IST" name="Tests" finished-at="2026-03-02T18:43:23 IST" duration-ms="5381">
      <class name="test.LoginTest">
        <test-method is-config="true" signature="setUp()[pri:0, instance:test.LoginTest@7a1234bf]" started-at="2026-03-02T18:43:18 IST" name="setUp" finished-at="2026-03-02T18:43:21 IST" duration-ms="3568" status="PASS">
          <reporter-output>
          </reporter-output>
        </test-method> <!-- setUp -->
        <test-method signature="loginwithValidCred()[pri:0, instance:test.LoginTest@7a1234bf]" started-at="2026-03-02T18:43:21 IST" name="loginwithValidCred" finished-at="2026-03-02T18:43:23 IST" duration-ms="1456" status="PASS">
          <reporter-output>
          </reporter-output>
        </test-method> <!-- loginwithValidCred -->
        <test-method is-config="true" signature="tearDown()[pri:0, instance:test.LoginTest@7a1234bf]" started-at="2026-03-02T18:43:23 IST" name="tearDown" finished-at="2026-03-02T18:43:23 IST" duration-ms="274" status="PASS">
          <reporter-output>
          </reporter-output>
        </test-method> <!-- tearDown -->
      </class> <!-- test.LoginTest -->
    </test> <!-- Tests -->
  </suite> <!-- Suite -->
</testng-results>
